{"level":"info","message":"Device monitoring started","timestamp":"2024-11-04T13:46:31.730Z"}
{"level":"info","message":"Database connection established","timestamp":"2024-11-04T13:46:34.306Z"}
{"level":"info","message":"Redis connection established","timestamp":"2024-11-04T13:46:34.315Z"}
{"level":"info","message":"MinIO connection established","timestamp":"2024-11-04T13:46:34.340Z"}
{"level":"info","message":"Server is running on port 3000","timestamp":"2024-11-04T13:46:34.344Z"}
{"level":"info","message":"Device monitoring started","timestamp":"2024-11-04T13:54:45.911Z"}
{"level":"info","message":"Database connection established","timestamp":"2024-11-04T13:54:48.654Z"}
{"level":"info","message":"Redis connection established","timestamp":"2024-11-04T13:54:48.664Z"}
{"level":"info","message":"MinIO connection established","timestamp":"2024-11-04T13:54:48.692Z"}
{"level":"info","message":"Server is running on port 3000","timestamp":"2024-11-04T13:54:48.697Z"}
{"level":"info","message":"Device monitoring started","timestamp":"2024-11-04T14:02:27.664Z"}
{"level":"info","message":"Database connection established","timestamp":"2024-11-04T14:02:31.942Z"}
{"level":"info","message":"Redis connection established","timestamp":"2024-11-04T14:02:31.951Z"}
{"level":"info","message":"MinIO connection established","timestamp":"2024-11-04T14:02:31.981Z"}
{"level":"info","message":"Server is running on port 3000","timestamp":"2024-11-04T14:02:31.984Z"}
{"level":"info","message":"Device monitoring started","timestamp":"2024-11-04T14:04:16.801Z"}
{"level":"info","message":"Device monitoring started","timestamp":"2024-11-04T14:04:29.565Z"}
{"level":"info","message":"Database connection established","timestamp":"2024-11-04T14:04:32.773Z"}
{"level":"info","message":"Redis connection established","timestamp":"2024-11-04T14:04:32.782Z"}
{"level":"info","message":"MinIO connection established","timestamp":"2024-11-04T14:04:32.802Z"}
{"level":"info","message":"Server is running on port 3000","timestamp":"2024-11-04T14:04:32.806Z"}
{"level":"info","message":"Device monitoring started","timestamp":"2024-11-04T14:05:21.372Z"}
{"level":"info","message":"Database connection established","timestamp":"2024-11-04T14:05:25.733Z"}
{"level":"info","message":"Redis connection established","timestamp":"2024-11-04T14:05:25.745Z"}
{"level":"info","message":"MinIO connection established","timestamp":"2024-11-04T14:05:25.769Z"}
{"level":"info","message":"Server is running on port 3000","timestamp":"2024-11-04T14:05:25.772Z"}
{"level":"info","message":"Device monitoring started","timestamp":"2024-11-04T14:05:39.810Z"}
{"level":"info","message":"Device monitoring started","timestamp":"2024-11-04T14:06:20.197Z"}
{"level":"info","message":"Device monitoring started","timestamp":"2024-11-04T14:15:45.384Z"}
{"level":"info","message":"Database connection established","timestamp":"2024-11-04T14:15:46.171Z"}
{"level":"info","message":"Redis connection established","timestamp":"2024-11-04T14:15:46.183Z"}
{"level":"info","message":"MinIO connection established","timestamp":"2024-11-04T14:15:46.207Z"}
{"level":"info","message":"Server is running on port 3000","timestamp":"2024-11-04T14:15:46.213Z"}
{"level":"info","message":"Device monitoring started","timestamp":"2024-11-04T14:19:45.491Z"}
{"level":"info","message":"Database connection established","timestamp":"2024-11-04T14:19:46.479Z"}
{"level":"info","message":"Redis connection established","timestamp":"2024-11-04T14:19:46.490Z"}
{"level":"info","message":"MinIO connection established","timestamp":"2024-11-04T14:19:46.514Z"}
{"level":"info","message":"Server is running on port 3000","timestamp":"2024-11-04T14:19:46.518Z"}
{"level":"info","message":"Device monitoring started","timestamp":"2024-11-04T14:22:45.674Z"}
{"level":"info","message":"Database connection established","timestamp":"2024-11-04T14:22:46.456Z"}
{"level":"info","message":"Redis connection established","timestamp":"2024-11-04T14:22:46.463Z"}
{"level":"info","message":"MinIO connection established","timestamp":"2024-11-04T14:22:46.480Z"}
{"level":"info","message":"Server is running on port 3000","timestamp":"2024-11-04T14:22:46.484Z"}
{"level":"info","message":"Device monitoring started","timestamp":"2024-11-04T14:26:37.061Z"}
{"level":"info","message":"Database connection established","timestamp":"2024-11-04T14:26:37.878Z"}
{"level":"info","message":"Redis connection established","timestamp":"2024-11-04T14:26:37.886Z"}
{"level":"info","message":"MinIO connection established","timestamp":"2024-11-04T14:26:37.907Z"}
{"level":"info","message":"Server is running on port 3000","timestamp":"2024-11-04T14:26:37.911Z"}
{"level":"info","message":"Device monitoring started","timestamp":"2024-11-04T14:26:51.729Z"}
{"level":"info","message":"Device monitoring started","timestamp":"2024-11-04T14:27:04.221Z"}
{"level":"info","message":"Device monitoring started","timestamp":"2024-11-04T14:27:15.950Z"}
{"level":"info","message":"Database connection established","timestamp":"2024-11-04T14:27:16.734Z"}
{"level":"info","message":"Redis connection established","timestamp":"2024-11-04T14:27:16.743Z"}
{"level":"info","message":"MinIO connection established","timestamp":"2024-11-04T14:27:16.758Z"}
{"level":"info","message":"Server is running on port 3000","timestamp":"2024-11-04T14:27:16.763Z"}
{"level":"info","message":"Device monitoring started","timestamp":"2024-11-04T14:27:47.651Z"}
{"level":"info","message":"Database connection established","timestamp":"2024-11-04T14:27:48.651Z"}
{"level":"info","message":"Redis connection established","timestamp":"2024-11-04T14:27:48.664Z"}
{"level":"info","message":"MinIO connection established","timestamp":"2024-11-04T14:27:48.689Z"}
{"level":"info","message":"Server is running on port 3000","timestamp":"2024-11-04T14:27:48.695Z"}
{"code":"42703","driverError":{"code":"42703","file":"parse_relation.c","length":113,"line":"3716","name":"error","position":"204","routine":"errorMissingColumn","severity":"ERROR"},"file":"parse_relation.c","length":113,"level":"error","line":"3716","message":"Unhandled error: column User.userAgent does not exist","parameters":["test@test.com"],"position":"204","query":"SELECT \"User\".\"id\" AS \"User_id\", \"User\".\"name\" AS \"User_name\", \"User\".\"email\" AS \"User_email\", \"User\".\"password\" AS \"User_password\", \"User\".\"role\" AS \"User_role\", \"User\".\"is_active\" AS \"User_is_active\", \"User\".\"userAgent\" AS \"User_userAgent\", \"User\".\"created_at\" AS \"User_created_at\", \"User\".\"updated_at\" AS \"User_updated_at\" FROM \"users\" \"User\" WHERE ((\"User\".\"email\" = $1)) LIMIT 1","routine":"errorMissingColumn","severity":"ERROR","stack":"QueryFailedError: column User.userAgent does not exist\n    at PostgresQueryRunner.query (C:\\Users\\Admin\\Desktop\\test-cloudmedia\\test-cloudmedia\\cloud-media-backend\\node_modules\\typeorm\\src\\driver\\postgres\\PostgresQueryRunner.ts:331:19)\n    at processTicksAndRejections (node:internal/process/task_queues:105:5)\n    at async SelectQueryBuilder.loadRawResults (C:\\Users\\Admin\\Desktop\\test-cloudmedia\\test-cloudmedia\\cloud-media-backend\\node_modules\\src\\query-builder\\SelectQueryBuilder.ts:3805:25)\n    at async SelectQueryBuilder.executeEntitiesAndRawResults (C:\\Users\\Admin\\Desktop\\test-cloudmedia\\test-cloudmedia\\cloud-media-backend\\node_modules\\src\\query-builder\\SelectQueryBuilder.ts:3551:26)\n    at async SelectQueryBuilder.getRawAndEntities (C:\\Users\\Admin\\Desktop\\test-cloudmedia\\test-cloudmedia\\cloud-media-backend\\node_modules\\src\\query-builder\\SelectQueryBuilder.ts:1670:29)\n    at async SelectQueryBuilder.getOne (C:\\Users\\Admin\\Desktop\\test-cloudmedia\\test-cloudmedia\\cloud-media-backend\\node_modules\\src\\query-builder\\SelectQueryBuilder.ts:1697:25)\n    at async AuthService.register (C:\\Users\\Admin\\Desktop\\test-cloudmedia\\test-cloudmedia\\cloud-media-backend\\src\\services\\auth.service.ts:13:26)\n    at async C:\\Users\\Admin\\Desktop\\test-cloudmedia\\test-cloudmedia\\cloud-media-backend\\src\\routes\\auth.ts:11:20","timestamp":"2024-11-04T15:10:59.312Z"}
{"level":"info","message":"Device monitoring started","timestamp":"2024-11-04T15:19:49.105Z"}
{"level":"info","message":"Database connection established","timestamp":"2024-11-04T15:19:49.864Z"}
{"level":"info","message":"Redis connection established","timestamp":"2024-11-04T15:19:49.874Z"}
{"level":"info","message":"MinIO connection established","timestamp":"2024-11-04T15:19:49.893Z"}
{"level":"info","message":"Server is running on port 3000","timestamp":"2024-11-04T15:19:49.897Z"}
{"level":"info","message":"Device monitoring started","timestamp":"2024-11-04T15:27:07.958Z"}
{"level":"info","message":"Database connection established","timestamp":"2024-11-04T15:27:08.867Z"}
{"level":"info","message":"Redis connection established","timestamp":"2024-11-04T15:27:08.875Z"}
{"level":"info","message":"MinIO connection established","timestamp":"2024-11-04T15:27:08.895Z"}
{"level":"info","message":"Server is running on port 3000","timestamp":"2024-11-04T15:27:08.899Z"}
{"level":"info","message":"Device monitoring started","timestamp":"2024-11-04T15:27:25.870Z"}
{"level":"info","message":"Database connection established","timestamp":"2024-11-04T15:27:26.794Z"}
{"level":"info","message":"Redis connection established","timestamp":"2024-11-04T15:27:26.803Z"}
{"level":"info","message":"MinIO connection established","timestamp":"2024-11-04T15:27:26.828Z"}
{"level":"info","message":"Server is running on port 3000","timestamp":"2024-11-04T15:27:26.831Z"}
{"level":"info","message":"Device monitoring started","timestamp":"2024-11-04T15:27:42.834Z"}
{"level":"info","message":"Database connection established","timestamp":"2024-11-04T15:27:43.866Z"}
{"level":"info","message":"Redis connection established","timestamp":"2024-11-04T15:27:43.893Z"}
{"level":"info","message":"MinIO connection established","timestamp":"2024-11-04T15:27:43.920Z"}
{"level":"info","message":"Server is running on port 3000","timestamp":"2024-11-04T15:27:43.926Z"}
{"level":"info","message":"Device monitoring started","timestamp":"2024-11-04T15:42:35.964Z"}
{"level":"info","message":"Database connection established","timestamp":"2024-11-04T15:42:36.929Z"}
{"level":"info","message":"Redis connection established","timestamp":"2024-11-04T15:42:36.938Z"}
{"level":"info","message":"MinIO connection established","timestamp":"2024-11-04T15:42:36.957Z"}
{"level":"info","message":"Server is running on port 3000","timestamp":"2024-11-04T15:42:36.961Z"}
{"level":"info","message":"Device monitoring started","timestamp":"2024-11-04T15:43:02.619Z"}
{"level":"info","message":"Database connection established","timestamp":"2024-11-04T15:43:03.385Z"}
{"level":"info","message":"Redis connection established","timestamp":"2024-11-04T15:43:03.393Z"}
{"level":"info","message":"MinIO connection established","timestamp":"2024-11-04T15:43:03.410Z"}
{"level":"info","message":"Server is running on port 3000","timestamp":"2024-11-04T15:43:03.414Z"}
{"level":"info","message":"Device monitoring started","timestamp":"2024-11-05T08:13:54.800Z"}
{"code":"ECONNREFUSED","level":"error","message":"Error starting server:","stack":"AggregateError\n    at internalConnectMultiple (node:net:1121:18)\n    at afterConnectMultiple (node:net:1688:7)","timestamp":"2024-11-05T08:13:54.897Z"}
{"level":"info","message":"Device monitoring started","timestamp":"2024-11-05T08:15:21.897Z"}
{"level":"info","message":"Database connection established","timestamp":"2024-11-05T08:15:23.508Z"}
{"level":"info","message":"Redis connection established","timestamp":"2024-11-05T08:15:23.520Z"}
{"level":"info","message":"MinIO connection established","timestamp":"2024-11-05T08:15:23.549Z"}
{"level":"info","message":"Server is running on port 5050","timestamp":"2024-11-05T08:15:23.553Z"}
{"level":"info","message":"Device monitoring started","timestamp":"2024-11-05T08:26:14.251Z"}
{"level":"info","message":"Database connection established","timestamp":"2024-11-05T08:26:15.038Z"}
{"level":"info","message":"Redis connection established","timestamp":"2024-11-05T08:26:15.046Z"}
{"level":"info","message":"MinIO connection established","timestamp":"2024-11-05T08:26:15.064Z"}
{"level":"info","message":"Server is running on port 3000","timestamp":"2024-11-05T08:26:15.067Z"}
{"level":"info","message":"Device monitoring started","timestamp":"2024-11-05T09:03:35.879Z"}
{"level":"info","message":"Database connection established","timestamp":"2024-11-05T09:03:36.663Z"}
{"level":"info","message":"Redis connection established","timestamp":"2024-11-05T09:03:36.670Z"}
{"level":"info","message":"MinIO connection established","timestamp":"2024-11-05T09:03:36.687Z"}
{"level":"info","message":"Server is running on port 3000","timestamp":"2024-11-05T09:03:36.690Z"}
{"level":"info","message":"Device monitoring started","timestamp":"2024-11-05T09:04:04.175Z"}
{"level":"info","message":"Database connection established","timestamp":"2024-11-05T09:04:05.169Z"}
{"level":"info","message":"Redis connection established","timestamp":"2024-11-05T09:04:05.176Z"}
{"level":"info","message":"MinIO connection established","timestamp":"2024-11-05T09:04:05.193Z"}
{"level":"info","message":"Server is running on port 3000","timestamp":"2024-11-05T09:04:05.198Z"}
